INFO 2025-01-09 14:30:19,060 Auth info was exported to ./.tmp/auth_info.json api\debug\debug.cpp:17 StXh@STXHNEC
ERROR 2025-01-09 14:30:21,745 NE_RS_UNBLDRE: Unable to load application resource file /resources/favicon.ico api\debug\debug.cpp:20 StXh@STXHNEC
INFO 2025-01-09 16:48:32,516 Auth info was exported to ./.tmp/auth_info.json api\debug\debug.cpp:17 StXh@STXHNEC
ERROR 2025-01-09 16:48:34,960 NE_RS_UNBLDRE: Unable to load application resource file /resources/favicon.ico api\debug\debug.cpp:20 StXh@STXHNEC
INFO 2025-01-09 17:32:04,516 Auth info was exported to ./.tmp/auth_info.json api\debug\debug.cpp:17 StXh@STXHNEC
ERROR 2025-01-09 17:32:06,914 NE_RS_UNBLDRE: Unable to load application resource file /resources/favicon.ico api\debug\debug.cpp:20 StXh@STXHNEC
INFO 2025-01-09 17:38:40,306 Auth info was exported to ./.tmp/auth_info.json api\debug\debug.cpp:17 StXh@STXHNEC
ERROR 2025-01-09 17:38:42,694 NE_RS_UNBLDRE: Unable to load application resource file /resources/favicon.ico api\debug\debug.cpp:20 StXh@STXHNEC
INFO 2025-01-09 19:01:21,914 Auth info was exported to ./.tmp/auth_info.json api\debug\debug.cpp:17 StXh@STXHNEC
ERROR 2025-01-09 19:01:23,852 NE_RS_UNBLDRE: Unable to load application resource file /resources/NeutralinoMenuBar.min.js api\debug\debug.cpp:20 StXh@STXHNEC
ERROR 2025-01-09 19:01:23,854 NE_RS_UNBLDRE: Unable to load application resource file /resources/method.min.js api\debug\debug.cpp:20 StXh@STXHNEC
ERROR 2025-01-09 19:01:24,103 NE_RS_UNBLDRE: Unable to load application resource file /resources/favicon.ico api\debug\debug.cpp:20 StXh@STXHNEC
INFO 2025-01-09 19:03:18,207 Auth info was exported to ./.tmp/auth_info.json api\debug\debug.cpp:17 StXh@STXHNEC
ERROR 2025-01-09 19:03:20,191 NE_RS_UNBLDRE: Unable to load application resource file /resources/NeutralinoMenuBar.min.js api\debug\debug.cpp:20 StXh@STXHNEC
ERROR 2025-01-09 19:03:20,192 NE_RS_UNBLDRE: Unable to load application resource file /resources/method.min.js api\debug\debug.cpp:20 StXh@STXHNEC
ERROR 2025-01-09 19:03:20,521 NE_RS_UNBLDRE: Unable to load application resource file /resources/favicon.ico api\debug\debug.cpp:20 StXh@STXHNEC
INFO 2025-01-09 19:04:41,431 Auth info was exported to ./.tmp/auth_info.json api\debug\debug.cpp:17 StXh@STXHNEC
ERROR 2025-01-09 19:04:43,872 NE_RS_UNBLDRE: Unable to load application resource file /resources/favicon.ico api\debug\debug.cpp:20 StXh@STXHNEC
INFO 2025-01-09 19:06:58,447 Auth info was exported to ./.tmp/auth_info.json api\debug\debug.cpp:17 StXh@STXHNEC
ERROR 2025-01-09 19:07:00,860 NE_RS_UNBLDRE: Unable to load application resource file /resources/favicon.ico api\debug\debug.cpp:20 StXh@STXHNEC
INFO 2025-01-09 19:08:57,065 Auth info was exported to ./.tmp/auth_info.json api\debug\debug.cpp:17 StXh@STXHNEC
ERROR 2025-01-09 19:08:59,296 NE_RS_UNBLDRE: Unable to load application resource file /resources/favicon.ico api\debug\debug.cpp:20 StXh@STXHNEC
INFO 2025-01-09 19:14:27,990 Auth info was exported to ./.tmp/auth_info.json api\debug\debug.cpp:17 StXh@STXHNEC
ERROR 2025-01-09 19:14:30,521 NE_RS_UNBLDRE: Unable to load application resource file /resources/favicon.ico api\debug\debug.cpp:20 StXh@STXHNEC
INFO 2025-01-09 19:30:14,353 Auth info was exported to ./.tmp/auth_info.json api\debug\debug.cpp:17 StXh@STXHNEC
ERROR 2025-01-09 19:30:16,682 NE_RS_UNBLDRE: Unable to load application resource file /resources/favicon.ico api\debug\debug.cpp:20 StXh@STXHNEC
INFO 2025-01-09 19:32:17,685 Auth info was exported to ./.tmp/auth_info.json api\debug\debug.cpp:17 StXh@STXHNEC
ERROR 2025-01-09 19:32:19,599 NE_RS_UNBLDRE: Unable to load application resource file /resources/favicon.ico api\debug\debug.cpp:20 StXh@STXHNEC
INFO 2025-01-09 19:33:48,075 Auth info was exported to ./.tmp/auth_info.json api\debug\debug.cpp:17 StXh@STXHNEC
ERROR 2025-01-09 19:33:50,207 NE_RS_UNBLDRE: Unable to load application resource file /resources/favicon.ico api\debug\debug.cpp:20 StXh@STXHNEC
INFO 2025-01-09 19:35:20,369 Auth info was exported to ./.tmp/auth_info.json api\debug\debug.cpp:17 StXh@STXHNEC
ERROR 2025-01-09 19:35:22,455 NE_RS_UNBLDRE: Unable to load application resource file /resources/favicon.ico api\debug\debug.cpp:20 StXh@STXHNEC
INFO 2025-01-09 19:36:35,024 Auth info was exported to ./.tmp/auth_info.json api\debug\debug.cpp:17 StXh@STXHNEC
ERROR 2025-01-09 19:36:36,760 NE_RS_UNBLDRE: Unable to load application resource file /resources/favicon.ico api\debug\debug.cpp:20 StXh@STXHNEC
INFO 2025-01-09 19:37:03,119 Auth info was exported to ./.tmp/auth_info.json api\debug\debug.cpp:17 StXh@STXHNEC
ERROR 2025-01-09 19:37:05,605 NE_RS_UNBLDRE: Unable to load application resource file /resources/favicon.ico api\debug\debug.cpp:20 StXh@STXHNEC
INFO 2025-01-09 20:22:17,577 Auth info was exported to ./.tmp/auth_info.json api\debug\debug.cpp:17 StXh@STXHNEC
ERROR 2025-01-09 20:22:20,034 NE_RS_UNBLDRE: Unable to load application resource file /resources/favicon.ico api\debug\debug.cpp:20 StXh@STXHNEC
INFO 2025-01-09 20:28:30,552 Reloading the application... api\debug\debug.cpp:17 StXh@STXHNEC
INFO 2025-01-09 20:29:31,387 Reloading the application... api\debug\debug.cpp:17 StXh@STXHNEC
INFO 2025-01-09 20:29:31,464 Reloading the application... api\debug\debug.cpp:17 StXh@STXHNEC
INFO 2025-01-09 20:32:07,091 Reloading the application... api\debug\debug.cpp:17 StXh@STXHNEC
INFO 2025-01-09 20:32:31,841 Reloading the application... api\debug\debug.cpp:17 StXh@STXHNEC
INFO 2025-01-09 20:32:31,897 Reloading the application... api\debug\debug.cpp:17 StXh@STXHNEC
INFO 2025-01-09 20:34:36,147 Reloading the application... api\debug\debug.cpp:17 StXh@STXHNEC
INFO 2025-01-09 20:41:58,727 Reloading the application... api\debug\debug.cpp:17 StXh@STXHNEC
INFO 2025-01-09 20:42:01,562 Reloading the application... api\debug\debug.cpp:17 StXh@STXHNEC
INFO 2025-01-09 20:42:10,916 Reloading the application... api\debug\debug.cpp:17 StXh@STXHNEC
INFO 2025-01-09 20:42:19,862 Reloading the application... api\debug\debug.cpp:17 StXh@STXHNEC
ERROR 2025-01-09 20:42:20,441 NE_RS_UNBLDRE: Unable to load application resource file /resources/styles.css api\debug\debug.cpp:20 StXh@STXHNEC
INFO 2025-01-09 20:42:44,723 Reloading the application... api\debug\debug.cpp:17 StXh@STXHNEC
INFO 2025-01-09 20:45:58,233 Reloading the application... api\debug\debug.cpp:17 StXh@STXHNEC
INFO 2025-01-09 20:47:06,832 Reloading the application... api\debug\debug.cpp:17 StXh@STXHNEC
INFO 2025-01-09 20:47:47,998 Reloading the application... api\debug\debug.cpp:17 StXh@STXHNEC
INFO 2025-01-09 20:49:26,925 Reloading the application... api\debug\debug.cpp:17 StXh@STXHNEC
INFO 2025-01-09 20:49:27,010 Reloading the application... api\debug\debug.cpp:17 StXh@STXHNEC
INFO 2025-01-09 20:50:20,141 Reloading the application... api\debug\debug.cpp:17 StXh@STXHNEC
INFO 2025-01-09 20:51:00,125 Reloading the application... api\debug\debug.cpp:17 StXh@STXHNEC
INFO 2025-01-09 20:55:34,535 Reloading the application... api\debug\debug.cpp:17 StXh@STXHNEC
INFO 2025-01-09 20:59:10,313 Auth info was exported to ./.tmp/auth_info.json api\debug\debug.cpp:17 StXh@STXHNEC
ERROR 2025-01-09 20:59:12,726 NE_RS_UNBLDRE: Unable to load application resource file /resources/favicon.ico api\debug\debug.cpp:20 StXh@STXHNEC
INFO 2025-01-09 21:03:52,756 Auth info was exported to ./.tmp/auth_info.json api\debug\debug.cpp:17 StXh@STXHNEC
ERROR 2025-01-09 21:03:55,526 NE_RS_UNBLDRE: Unable to load application resource file /resources/favicon.ico api\debug\debug.cpp:20 StXh@STXHNEC
INFO 2025-01-09 21:04:39,770 Auth info was exported to ./.tmp/auth_info.json api\debug\debug.cpp:17 StXh@STXHNEC
ERROR 2025-01-09 21:04:43,933 NE_RS_UNBLDRE: Unable to load application resource file /resources/favicon.ico api\debug\debug.cpp:20 StXh@STXHNEC
INFO 2025-01-09 21:06:23,287 Reloading the application... api\debug\debug.cpp:17 StXh@STXHNEC
INFO 2025-01-09 21:10:53,026 Auth info was exported to ./.tmp/auth_info.json api\debug\debug.cpp:17 StXh@STXHNEC
ERROR 2025-01-09 21:11:22,630 NE_RS_UNBLDRE: Unable to load application resource file /resources/favicon.ico api\debug\debug.cpp:20 StXh@STXHNEC
INFO 2025-01-09 22:26:22,639 Auth info was exported to ./.tmp/auth_info.json api\debug\debug.cpp:17 StXh@STXHNEC
ERROR 2025-01-09 22:26:24,852 NE_RS_UNBLDRE: Unable to load application resource file /resources/favicon.ico api\debug\debug.cpp:20 StXh@STXHNEC
INFO 2025-01-09 22:26:58,391 Auth info was exported to ./.tmp/auth_info.json api\debug\debug.cpp:17 StXh@STXHNEC
ERROR 2025-01-09 22:27:00,805 NE_RS_UNBLDRE: Unable to load application resource file /resources/favicon.ico api\debug\debug.cpp:20 StXh@STXHNEC
INFO 2025-01-09 22:28:30,643 Auth info was exported to ./.tmp/auth_info.json api\debug\debug.cpp:17 StXh@STXHNEC
ERROR 2025-01-09 22:28:33,373 NE_RS_UNBLDRE: Unable to load application resource file /resources/favicon.ico api\debug\debug.cpp:20 StXh@STXHNEC
INFO 2025-01-09 22:38:52,759 Reloading the application... api\debug\debug.cpp:17 StXh@STXHNEC
INFO 2025-01-09 22:38:52,793 Reloading the application... api\debug\debug.cpp:17 StXh@STXHNEC
INFO 2025-01-09 22:46:34,085 Reloading the application... api\debug\debug.cpp:17 StXh@STXHNEC
INFO 2025-01-09 22:51:52,891 Reloading the application... api\debug\debug.cpp:17 StXh@STXHNEC
INFO 2025-01-09 23:46:16,227 Reloading the application... api\debug\debug.cpp:17 StXh@STXHNEC
INFO 2025-01-09 23:49:29,532 Reloading the application... api\debug\debug.cpp:17 StXh@STXHNEC
INFO 2025-01-10 00:01:50,532 Reloading the application... api\debug\debug.cpp:17 StXh@STXHNEC
INFO 2025-01-10 00:01:50,610 Reloading the application... api\debug\debug.cpp:17 StXh@STXHNEC
INFO 2025-01-10 00:07:01,600 Reloading the application... api\debug\debug.cpp:17 StXh@STXHNEC
INFO 2025-01-10 00:08:18,993 Auth info was exported to ./.tmp/auth_info.json api\debug\debug.cpp:17 StXh@STXHNEC
ERROR 2025-01-10 00:08:21,690 NE_RS_UNBLDRE: Unable to load application resource file /resources/favicon.ico api\debug\debug.cpp:20 StXh@STXHNEC
INFO 2025-01-10 00:09:17,994 Reloading the application... api\debug\debug.cpp:17 StXh@STXHNEC
INFO 2025-01-10 00:10:39,343 Reloading the application... api\debug\debug.cpp:17 StXh@STXHNEC
INFO 2025-01-10 00:11:09,127 Reloading the application... api\debug\debug.cpp:17 StXh@STXHNEC
INFO 2025-01-10 00:20:01,500 Reloading the application... api\debug\debug.cpp:17 StXh@STXHNEC
INFO 2025-01-10 00:20:14,461 Reloading the application... api\debug\debug.cpp:17 StXh@STXHNEC
INFO 2025-01-10 00:26:59,854 Reloading the application... api\debug\debug.cpp:17 StXh@STXHNEC
INFO 2025-01-10 00:26:59,914 Reloading the application... api\debug\debug.cpp:17 StXh@STXHNEC
INFO 2025-01-10 00:27:03,035 Reloading the application... api\debug\debug.cpp:17 StXh@STXHNEC
INFO 2025-01-10 00:28:13,310 Reloading the application... api\debug\debug.cpp:17 StXh@STXHNEC
INFO 2025-01-10 00:31:37,406 Reloading the application... api\debug\debug.cpp:17 StXh@STXHNEC
INFO 2025-01-10 00:31:44,275 Reloading the application... api\debug\debug.cpp:17 StXh@STXHNEC
INFO 2025-01-10 00:38:33,764 Reloading the application... api\debug\debug.cpp:17 StXh@STXHNEC
INFO 2025-01-10 00:45:16,025 Auth info was exported to ./.tmp/auth_info.json api\debug\debug.cpp:17 StXh@STXHNEC
ERROR 2025-01-10 00:45:18,947 NE_RS_UNBLDRE: Unable to load application resource file /resources/favicon.ico api\debug\debug.cpp:20 StXh@STXHNEC
INFO 2025-01-10 00:49:13,149 Auth info was exported to ./.tmp/auth_info.json api\debug\debug.cpp:17 StXh@STXHNEC
ERROR 2025-01-10 00:49:15,784 NE_RS_UNBLDRE: Unable to load application resource file /resources/favicon.ico api\debug\debug.cpp:20 StXh@STXHNEC
INFO 2025-01-10 00:49:56,823 Reloading the application... api\debug\debug.cpp:17 StXh@STXHNEC
INFO 2025-01-10 00:51:45,951 Reloading the application... api\debug\debug.cpp:17 StXh@STXHNEC
INFO 2025-01-10 08:54:10,528 Reloading the application... api\debug\debug.cpp:17 StXh@STXHNEC
INFO 2025-01-10 08:57:25,497 Reloading the application... api\debug\debug.cpp:17 StXh@STXHNEC
INFO 2025-01-10 08:59:31,796 Reloading the application... api\debug\debug.cpp:17 StXh@STXHNEC
INFO 2025-01-10 09:19:43,728 Reloading the application... api\debug\debug.cpp:17 StXh@STXHNEC
INFO 2025-01-10 09:26:18,082 Reloading the application... api\debug\debug.cpp:17 StXh@STXHNEC
INFO 2025-01-10 09:29:20,086 Reloading the application... api\debug\debug.cpp:17 StXh@STXHNEC
INFO 2025-01-10 10:01:42,643 Reloading the application... api\debug\debug.cpp:17 StXh@STXHNEC
INFO 2025-01-10 10:01:42,736 Reloading the application... api\debug\debug.cpp:17 StXh@STXHNEC
INFO 2025-01-10 10:03:26,875 Auth info was exported to ./.tmp/auth_info.json api\debug\debug.cpp:17 StXh@STXHNEC
ERROR 2025-01-10 10:03:29,682 NE_RS_UNBLDRE: Unable to load application resource file /resources/favicon.ico api\debug\debug.cpp:20 StXh@STXHNEC
INFO 2025-01-10 10:05:30,497 Reloading the application... api\debug\debug.cpp:17 StXh@STXHNEC
INFO 2025-01-10 10:06:16,474 Reloading the application... api\debug\debug.cpp:17 StXh@STXHNEC
INFO 2025-01-10 10:07:58,189 Reloading the application... api\debug\debug.cpp:17 StXh@STXHNEC
INFO 2025-01-10 10:09:14,945 Reloading the application... api\debug\debug.cpp:17 StXh@STXHNEC
INFO 2025-01-10 10:17:40,386 Reloading the application... api\debug\debug.cpp:17 StXh@STXHNEC
INFO 2025-01-10 10:19:12,848 Reloading the application... api\debug\debug.cpp:17 StXh@STXHNEC
INFO 2025-01-10 10:22:05,430 Reloading the application... api\debug\debug.cpp:17 StXh@STXHNEC
INFO 2025-01-10 10:25:50,965 Reloading the application... api\debug\debug.cpp:17 StXh@STXHNEC
INFO 2025-01-10 10:28:24,484 Reloading the application... api\debug\debug.cpp:17 StXh@STXHNEC
INFO 2025-01-10 10:30:17,774 Reloading the application... api\debug\debug.cpp:17 StXh@STXHNEC
INFO 2025-01-10 10:30:58,768 Reloading the application... api\debug\debug.cpp:17 StXh@STXHNEC
INFO 2025-01-10 10:37:46,166 Reloading the application... api\debug\debug.cpp:17 StXh@STXHNEC
INFO 2025-01-10 10:37:46,253 Reloading the application... api\debug\debug.cpp:17 StXh@STXHNEC
INFO 2025-01-10 10:39:06,611 Reloading the application... api\debug\debug.cpp:17 StXh@STXHNEC
INFO 2025-01-10 10:39:46,577 Reloading the application... api\debug\debug.cpp:17 StXh@STXHNEC
INFO 2025-01-10 10:44:26,453 Reloading the application... api\debug\debug.cpp:17 StXh@STXHNEC
INFO 2025-01-10 10:56:14,845 Reloading the application... api\debug\debug.cpp:17 StXh@STXHNEC
ERROR 2025-01-10 11:03:24,079 NE_RS_UNBLDRE: Unable to load application resource file /resources/fonts/fontawesome-webfont.woff2 api\debug\debug.cpp:20 StXh@STXHNEC
ERROR 2025-01-10 11:03:24,348 NE_RS_UNBLDRE: Unable to load application resource file /resources/fonts/fontawesome-webfont.woff api\debug\debug.cpp:20 StXh@STXHNEC
ERROR 2025-01-10 11:03:24,416 NE_RS_UNBLDRE: Unable to load application resource file /resources/fonts/fontawesome-webfont.ttf api\debug\debug.cpp:20 StXh@STXHNEC
INFO 2025-01-10 11:20:12,683 Reloading the application... api\debug\debug.cpp:17 StXh@STXHNEC
INFO 2025-01-10 11:22:44,440 Reloading the application... api\debug\debug.cpp:17 StXh@STXHNEC
INFO 2025-01-10 11:22:56,605 Reloading the application... api\debug\debug.cpp:17 StXh@STXHNEC
INFO 2025-01-10 11:30:01,042 Reloading the application... api\debug\debug.cpp:17 StXh@STXHNEC
INFO 2025-01-10 11:30:16,238 Reloading the application... api\debug\debug.cpp:17 StXh@STXHNEC
INFO 2025-01-10 11:31:57,438 Reloading the application... api\debug\debug.cpp:17 StXh@STXHNEC
INFO 2025-01-10 11:31:57,506 Reloading the application... api\debug\debug.cpp:17 StXh@STXHNEC
INFO 2025-01-10 11:34:48,399 Reloading the application... api\debug\debug.cpp:17 StXh@STXHNEC
INFO 2025-01-10 12:23:01,933 Auth info was exported to ./.tmp/auth_info.json api\debug\debug.cpp:17 StXh@STXHNEC
ERROR 2025-01-10 12:23:03,956 NE_RS_UNBLDRE: Unable to load application resource file /resources/favicon.ico api\debug\debug.cpp:20 StXh@STXHNEC
INFO 2025-01-10 12:32:06,511 Auth info was exported to ./.tmp/auth_info.json api\debug\debug.cpp:17 StXh@STXHNEC
ERROR 2025-01-10 12:32:10,782 NE_RS_UNBLDRE: Unable to load application resource file /resources/favicon.ico api\debug\debug.cpp:20 StXh@STXHNEC
INFO 2025-01-10 14:17:17,000 Auth info was exported to ./.tmp/auth_info.json api\debug\debug.cpp:17 StXh@STXHNEC
ERROR 2025-01-10 14:17:21,517 NE_RS_UNBLDRE: Unable to load application resource file /resources/favicon.ico api\debug\debug.cpp:20 StXh@STXHNEC
INFO 2025-01-10 16:04:20,186 Auth info was exported to ./.tmp/auth_info.json api\debug\debug.cpp:17 StXh@STXHNEC
ERROR 2025-01-10 16:04:25,874 NE_RS_UNBLDRE: Unable to load application resource file /resources/favicon.ico api\debug\debug.cpp:20 StXh@STXHNEC
ERROR 2025-01-10 16:09:08,696 NE_RS_UNBLDRE: Unable to load application resource file /resources/marked/index.html api\debug\debug.cpp:20 StXh@STXHNEC
ERROR 2025-01-10 16:10:33,496 NE_RS_UNBLDRE: Unable to load application resource file /resources/node_modules/marked/index.html api\debug\debug.cpp:20 StXh@STXHNEC
INFO 2025-01-10 16:33:12,550 Auth info was exported to ./.tmp/auth_info.json api\debug\debug.cpp:17 StXh@STXHNEC
ERROR 2025-01-10 16:33:17,662 NE_RS_UNBLDRE: Unable to load application resource file /resources/favicon.ico api\debug\debug.cpp:20 StXh@STXHNEC
INFO 2025-01-10 16:36:35,528 Reloading the application... api\debug\debug.cpp:17 StXh@STXHNEC
INFO 2025-01-10 16:44:56,227 Reloading the application... api\debug\debug.cpp:17 StXh@STXHNEC
INFO 2025-01-10 16:48:44,119 Reloading the application... api\debug\debug.cpp:17 StXh@STXHNEC
INFO 2025-01-10 16:48:44,129 Reloading the application... api\debug\debug.cpp:17 StXh@STXHNEC
INFO 2025-01-10 16:48:44,164 Reloading the application... api\debug\debug.cpp:17 StXh@STXHNEC
INFO 2025-01-10 16:48:44,170 Reloading the application... api\debug\debug.cpp:17 StXh@STXHNEC
INFO 2025-01-10 16:48:44,180 Reloading the application... api\debug\debug.cpp:17 StXh@STXHNEC
INFO 2025-01-10 16:48:44,226 Reloading the application... api\debug\debug.cpp:17 StXh@STXHNEC
INFO 2025-01-10 16:48:44,259 Reloading the application... api\debug\debug.cpp:17 StXh@STXHNEC
INFO 2025-01-10 16:49:14,271 Reloading the application... api\debug\debug.cpp:17 StXh@STXHNEC
INFO 2025-01-10 16:49:14,282 Reloading the application... api\debug\debug.cpp:17 StXh@STXHNEC
INFO 2025-01-10 16:49:14,289 Reloading the application... api\debug\debug.cpp:17 StXh@STXHNEC
INFO 2025-01-10 16:49:14,299 Reloading the application... api\debug\debug.cpp:17 StXh@STXHNEC
INFO 2025-01-10 16:49:14,313 Reloading the application... api\debug\debug.cpp:17 StXh@STXHNEC
INFO 2025-01-10 16:49:14,317 Reloading the application... api\debug\debug.cpp:17 StXh@STXHNEC
INFO 2025-01-10 16:50:48,071 Reloading the application... api\debug\debug.cpp:17 StXh@STXHNEC
INFO 2025-01-10 16:51:05,205 Reloading the application... api\debug\debug.cpp:17 StXh@STXHNEC
INFO 2025-01-10 16:59:07,077 Auth info was exported to ./.tmp/auth_info.json api\debug\debug.cpp:17 StXh@STXHNEC
INFO 2025-01-10 17:00:31,724 Reloading the application... api\debug\debug.cpp:17 StXh@STXHNEC
INFO 2025-01-10 17:01:19,402 Reloading the application... api\debug\debug.cpp:17 StXh@STXHNEC
INFO 2025-01-10 17:06:08,798 Reloading the application... api\debug\debug.cpp:17 StXh@STXHNEC
INFO 2025-01-10 17:07:45,684 Reloading the application... api\debug\debug.cpp:17 StXh@STXHNEC
INFO 2025-01-10 17:25:14,091 Reloading the application... api\debug\debug.cpp:17 StXh@STXHNEC
INFO 2025-01-10 17:25:14,110 Reloading the application... api\debug\debug.cpp:17 StXh@STXHNEC
INFO 2025-01-10 17:25:14,166 Reloading the application... api\debug\debug.cpp:17 StXh@STXHNEC
INFO 2025-01-10 17:25:14,178 Reloading the application... api\debug\debug.cpp:17 StXh@STXHNEC
INFO 2025-01-10 17:25:14,187 Reloading the application... api\debug\debug.cpp:17 StXh@STXHNEC
INFO 2025-01-10 17:25:14,216 Reloading the application... api\debug\debug.cpp:17 StXh@STXHNEC
INFO 2025-01-10 17:25:14,226 Reloading the application... api\debug\debug.cpp:17 StXh@STXHNEC
ERROR 2025-01-10 17:25:15,557 NE_RS_UNBLDRE: Unable to load application resource file /resources/favicon.ico api\debug\debug.cpp:20 StXh@STXHNEC
INFO 2025-01-10 17:26:28,060 Reloading the application... api\debug\debug.cpp:17 StXh@STXHNEC
INFO 2025-01-10 17:26:28,071 Reloading the application... api\debug\debug.cpp:17 StXh@STXHNEC
INFO 2025-01-10 17:26:28,083 Reloading the application... api\debug\debug.cpp:17 StXh@STXHNEC
INFO 2025-01-10 17:26:28,102 Reloading the application... api\debug\debug.cpp:17 StXh@STXHNEC
INFO 2025-01-10 17:26:28,116 Reloading the application... api\debug\debug.cpp:17 StXh@STXHNEC
INFO 2025-01-10 17:26:28,131 Reloading the application... api\debug\debug.cpp:17 StXh@STXHNEC
INFO 2025-01-10 17:27:21,134 Reloading the application... api\debug\debug.cpp:17 StXh@STXHNEC
INFO 2025-01-10 17:50:03,432 Reloading the application... api\debug\debug.cpp:17 StXh@STXHNEC
INFO 2025-01-10 17:51:51,584 Reloading the application... api\debug\debug.cpp:17 StXh@STXHNEC
INFO 2025-01-10 17:57:31,649 Auth info was exported to ./.tmp/auth_info.json api\debug\debug.cpp:17 StXh@STXHNEC
INFO 2025-01-10 17:58:30,134 Auth info was exported to ./.tmp/auth_info.json api\debug\debug.cpp:17 StXh@STXHNEC
INFO 2025-01-10 18:04:41,228 Reloading the application... api\debug\debug.cpp:17 StXh@STXHNEC
INFO 2025-01-10 18:04:41,292 Reloading the application... api\debug\debug.cpp:17 StXh@STXHNEC
INFO 2025-01-10 18:05:50,032 Reloading the application... api\debug\debug.cpp:17 StXh@STXHNEC
INFO 2025-01-10 18:07:12,790 Auth info was exported to ./.tmp/auth_info.json api\debug\debug.cpp:17 StXh@STXHNEC
INFO 2025-01-10 19:00:31,048 Auth info was exported to ./.tmp/auth_info.json api\debug\debug.cpp:17 StXh@STXHNEC
INFO 2025-01-10 19:17:54,912 Reloading the application... api\debug\debug.cpp:17 StXh@STXHNEC
INFO 2025-01-10 19:17:54,997 Reloading the application... api\debug\debug.cpp:17 StXh@STXHNEC
INFO 2025-01-10 19:20:59,521 Reloading the application... api\debug\debug.cpp:17 StXh@STXHNEC
INFO 2025-01-10 19:22:50,592 Auth info was exported to ./.tmp/auth_info.json api\debug\debug.cpp:17 StXh@STXHNEC
INFO 2025-01-10 19:26:29,712 Auth info was exported to ./.tmp/auth_info.json api\debug\debug.cpp:17 StXh@STXHNEC
INFO 2025-01-10 19:26:38,955 Reloading the application... api\debug\debug.cpp:17 StXh@STXHNEC
INFO 2025-01-10 19:27:58,393 Reloading the application... api\debug\debug.cpp:17 StXh@STXHNEC
INFO 2025-01-12 10:10:45,775 Auth info was exported to ./.tmp/auth_info.json api\debug\debug.cpp:17 StXh@STXHNEC
INFO 2025-01-12 10:14:02,081 Reloading the application... api\debug\debug.cpp:17 StXh@STXHNEC
INFO 2025-01-12 10:14:02,101 Reloading the application... api\debug\debug.cpp:17 StXh@STXHNEC
INFO 2025-01-12 10:14:02,119 Reloading the application... api\debug\debug.cpp:17 StXh@STXHNEC
INFO 2025-01-12 10:14:02,148 Reloading the application... api\debug\debug.cpp:17 StXh@STXHNEC
INFO 2025-01-12 10:14:02,179 Reloading the application... api\debug\debug.cpp:17 StXh@STXHNEC
INFO 2025-01-12 10:14:02,206 Reloading the application... api\debug\debug.cpp:17 StXh@STXHNEC
INFO 2025-01-12 10:14:27,554 Reloading the application... api\debug\debug.cpp:17 StXh@STXHNEC
ERROR 2025-01-12 10:16:30,165 NE_RS_UNBLDRE: Unable to load application resource file /resources/images/screenshot.png api\debug\debug.cpp:20 StXh@STXHNEC
INFO 2025-01-12 10:16:55,120 Reloading the application... api\debug\debug.cpp:17 StXh@STXHNEC
ERROR 2025-01-12 10:17:03,782 NE_RS_UNBLDRE: Unable to load application resource file /resources/images/screenshot.png api\debug\debug.cpp:20 StXh@STXHNEC
ERROR 2025-01-12 10:25:50,186 NE_RS_UNBLDRE: Unable to load application resource file /resources/images/screenshot.png api\debug\debug.cpp:20 StXh@STXHNEC
INFO 2025-01-13 20:06:50,564 Auth info was exported to ./.tmp/auth_info.json api\debug\debug.cpp:17 StXh@STXHNEC
ERROR 2025-01-13 20:06:52,780 NE_RS_UNBLDRE: Unable to load application resource file /resources/js/NeutralinoMenuBar.min.js api\debug\debug.cpp:20 StXh@STXHNEC
INFO 2025-01-13 20:13:25,488 Auth info was exported to ./.tmp/auth_info.json api\debug\debug.cpp:17 StXh@STXHNEC
INFO 2025-01-13 20:15:32,307 Reloading the application... api\debug\debug.cpp:17 StXh@STXHNEC
INFO 2025-01-13 20:31:03,809 Reloading the application... api\debug\debug.cpp:17 StXh@STXHNEC
INFO 2025-01-13 20:31:03,839 Reloading the application... api\debug\debug.cpp:17 StXh@STXHNEC
INFO 2025-01-13 20:31:03,905 Reloading the application... api\debug\debug.cpp:17 StXh@STXHNEC
INFO 2025-01-13 20:31:03,928 Reloading the application... api\debug\debug.cpp:17 StXh@STXHNEC
INFO 2025-01-13 20:31:03,937 Reloading the application... api\debug\debug.cpp:17 StXh@STXHNEC
INFO 2025-01-13 20:32:24,617 Reloading the application... api\debug\debug.cpp:17 StXh@STXHNEC
INFO 2025-01-13 20:33:45,015 Reloading the application... api\debug\debug.cpp:17 StXh@STXHNEC
INFO 2025-01-13 20:40:17,400 Auth info was exported to ./.tmp/auth_info.json api\debug\debug.cpp:17 StXh@STXHNEC
INFO 2025-01-13 20:42:59,201 Auth info was exported to ./.tmp/auth_info.json api\debug\debug.cpp:17 StXh@STXHNEC
INFO 2025-01-13 21:44:30,152 Reloading the application... api\debug\debug.cpp:17 StXh@STXHNEC
INFO 2025-01-13 21:44:30,210 Reloading the application... api\debug\debug.cpp:17 StXh@STXHNEC
ERROR 2025-01-13 21:53:12,466 NE_RS_UNBLDRE: Unable to load application resource file /resources/js/svelte-i18next/index.html api\debug\debug.cpp:20 StXh@STXHNEC
ERROR 2025-01-13 21:53:12,475 NE_RS_UNBLDRE: Unable to load application resource file /resources/js/i18next/index.html api\debug\debug.cpp:20 StXh@STXHNEC
ERROR 2025-01-13 21:53:12,504 NE_RS_UNBLDRE: Unable to load application resource file /resources/js/i18next-browser-languagedetector/index.html api\debug\debug.cpp:20 StXh@STXHNEC
ERROR 2025-01-13 21:54:00,759 NE_RS_UNBLDRE: Unable to load application resource file /resources/svelte-i18next/index.html api\debug\debug.cpp:20 StXh@STXHNEC
ERROR 2025-01-13 21:54:00,769 NE_RS_UNBLDRE: Unable to load application resource file /resources/i18next/index.html api\debug\debug.cpp:20 StXh@STXHNEC
ERROR 2025-01-13 21:54:00,778 NE_RS_UNBLDRE: Unable to load application resource file /resources/i18next-browser-languagedetector/index.html api\debug\debug.cpp:20 StXh@STXHNEC
ERROR 2025-01-13 22:00:38,183 NE_RS_UNBLDRE: Unable to load application resource file /resources/i18n/index.html api\debug\debug.cpp:20 StXh@STXHNEC
INFO 2025-01-13 22:00:59,072 Reloading the application... api\debug\debug.cpp:17 StXh@STXHNEC
INFO 2025-01-13 22:03:29,839 Reloading the application... api\debug\debug.cpp:17 StXh@STXHNEC
INFO 2025-01-13 22:04:12,757 Reloading the application... api\debug\debug.cpp:17 StXh@STXHNEC
INFO 2025-01-13 22:05:22,530 Reloading the application... api\debug\debug.cpp:17 StXh@STXHNEC
ERROR 2025-01-13 22:05:42,092 NE_RS_UNBLDRE: Unable to load application resource file /resources/images/screenshot.png api\debug\debug.cpp:20 StXh@STXHNEC
ERROR 2025-01-13 22:05:42,630 NE_RS_UNBLDRE: Unable to load application resource file /resources/images/screenshot.png api\debug\debug.cpp:20 StXh@STXHNEC
ERROR 2025-01-13 22:07:07,494 NE_RS_UNBLDRE: Unable to load application resource file /resources/images/screenshot.png api\debug\debug.cpp:20 StXh@STXHNEC
ERROR 2025-01-13 22:07:09,045 NE_RS_UNBLDRE: Unable to load application resource file /resources/images/screenshot.png api\debug\debug.cpp:20 StXh@STXHNEC
ERROR 2025-01-13 22:07:40,135 NE_RS_UNBLDRE: Unable to load application resource file /resources/images/screenshot.png api\debug\debug.cpp:20 StXh@STXHNEC
INFO 2025-01-13 22:15:45,725 Auth info was exported to ./.tmp/auth_info.json api\debug\debug.cpp:17 StXh@STXHNEC
INFO 2025-01-13 22:16:33,075 Auth info was exported to ./.tmp/auth_info.json api\debug\debug.cpp:17 StXh@STXHNEC
ERROR 2025-01-13 22:16:45,610 NE_RS_UNBLDRE: Unable to load application resource file /resources/images/screenshot.png api\debug\debug.cpp:20 StXh@STXHNEC
ERROR 2025-01-13 22:16:46,154 NE_RS_UNBLDRE: Unable to load application resource file /resources/images/screenshot.png api\debug\debug.cpp:20 StXh@STXHNEC
ERROR 2025-01-13 22:17:14,944 NE_RS_UNBLDRE: Unable to load application resource file /resources/images/screenshot.png api\debug\debug.cpp:20 StXh@STXHNEC
ERROR 2025-01-13 22:17:16,475 NE_RS_UNBLDRE: Unable to load application resource file /resources/images/screenshot.png api\debug\debug.cpp:20 StXh@STXHNEC
ERROR 2025-01-13 22:18:10,663 NE_RS_UNBLDRE: Unable to load application resource file /resources/.images/screenshot.png api\debug\debug.cpp:20 StXh@STXHNEC
ERROR 2025-01-13 22:18:10,852 NE_RS_UNBLDRE: Unable to load application resource file /resources/images/screenshot.png api\debug\debug.cpp:20 StXh@STXHNEC
ERROR 2025-01-13 22:18:11,434 NE_RS_UNBLDRE: Unable to load application resource file /resources/images/screenshot.png api\debug\debug.cpp:20 StXh@STXHNEC
INFO 2025-01-13 22:20:18,978 Reloading the application... api\debug\debug.cpp:17 StXh@STXHNEC
ERROR 2025-01-13 22:20:21,867 NE_RS_UNBLDRE: Unable to load application resource file /resources/images/screenshot.png api\debug\debug.cpp:20 StXh@STXHNEC
ERROR 2025-01-13 22:20:31,848 NE_RS_UNBLDRE: Unable to load application resource file /resources/images/screenshot.png api\debug\debug.cpp:20 StXh@STXHNEC
ERROR 2025-01-13 22:20:32,304 NE_RS_UNBLDRE: Unable to load application resource file /resources/images/screenshot.png api\debug\debug.cpp:20 StXh@STXHNEC
ERROR 2025-01-13 22:20:33,511 NE_RS_UNBLDRE: Unable to load application resource file /resources/images/screenshot.png api\debug\debug.cpp:20 StXh@STXHNEC
INFO 2025-01-13 22:22:36,305 Auth info was exported to ./.tmp/auth_info.json api\debug\debug.cpp:17 StXh@STXHNEC
INFO 2025-01-13 22:26:26,485 Reloading the application... api\debug\debug.cpp:17 StXh@STXHNEC
INFO 2025-01-13 22:26:50,355 Auth info was exported to ./.tmp/auth_info.json api\debug\debug.cpp:17 StXh@STXHNEC
INFO 2025-01-13 22:27:45,952 Reloading the application... api\debug\debug.cpp:17 StXh@STXHNEC
INFO 2025-01-13 22:37:56,918 Reloading the application... api\debug\debug.cpp:17 StXh@STXHNEC
ERROR 2025-01-13 22:38:27,406 NE_RS_UNBLDRE: Unable to load application resource file /resources/images/screenshot.png api\debug\debug.cpp:20 StXh@STXHNEC
ERROR 2025-01-13 22:38:27,960 NE_RS_UNBLDRE: Unable to load application resource file /resources/images/screenshot.png api\debug\debug.cpp:20 StXh@STXHNEC
ERROR 2025-01-13 22:38:37,206 NE_RS_UNBLDRE: Unable to load application resource file /resources/images/screenshot.png api\debug\debug.cpp:20 StXh@STXHNEC
ERROR 2025-01-13 22:38:46,595 NE_RS_UNBLDRE: Unable to load application resource file /resources/images/screenshot.png api\debug\debug.cpp:20 StXh@STXHNEC
ERROR 2025-01-13 22:38:52,580 NE_RS_UNBLDRE: Unable to load application resource file /resources/images/screenshot.png api\debug\debug.cpp:20 StXh@STXHNEC
ERROR 2025-01-13 22:39:08,490 NE_RS_UNBLDRE: Unable to load application resource file /resources/images/screenshot.png api\debug\debug.cpp:20 StXh@STXHNEC
ERROR 2025-01-13 22:39:11,436 NE_RS_UNBLDRE: Unable to load application resource file /resources/images/screenshot.png api\debug\debug.cpp:20 StXh@STXHNEC
INFO 2025-01-13 22:44:41,590 Reloading the application... api\debug\debug.cpp:17 StXh@STXHNEC
ERROR 2025-01-13 22:44:44,024 NE_RS_UNBLDRE: Unable to load application resource file /resources/images/screenshot.png api\debug\debug.cpp:20 StXh@STXHNEC
ERROR 2025-01-13 22:44:44,288 NE_RS_UNBLDRE: Unable to load application resource file /resources/images/screenshot.png api\debug\debug.cpp:20 StXh@STXHNEC
INFO 2025-01-13 22:46:34,304 Reloading the application... api\debug\debug.cpp:17 StXh@STXHNEC
ERROR 2025-01-13 22:46:36,714 NE_RS_UNBLDRE: Unable to load application resource file /resources/images/screenshot.png api\debug\debug.cpp:20 StXh@STXHNEC
ERROR 2025-01-13 22:46:37,012 NE_RS_UNBLDRE: Unable to load application resource file /resources/images/screenshot.png api\debug\debug.cpp:20 StXh@STXHNEC
INFO 2025-01-13 22:54:42,708 Reloading the application... api\debug\debug.cpp:17 StXh@STXHNEC
ERROR 2025-01-13 22:55:00,861 NE_RS_UNBLDRE: Unable to load application resource file /resources/images/screenshot.png api\debug\debug.cpp:20 StXh@STXHNEC
INFO 2025-01-14 11:07:41,306 Auth info was exported to ./.tmp/auth_info.json api\debug\debug.cpp:17 StXh@STXHNEC
INFO 2025-01-14 11:09:09,700 Auth info was exported to ./.tmp/auth_info.json api\debug\debug.cpp:17 StXh@STXHNEC
INFO 2025-01-14 11:11:05,444 Auth info was exported to ./.tmp/auth_info.json api\debug\debug.cpp:17 StXh@STXHNEC
INFO 2025-01-14 11:12:04,637 Reloading the application... api\debug\debug.cpp:17 StXh@STXHNEC
INFO 2025-01-14 11:12:30,033 Auth info was exported to ./.tmp/auth_info.json api\debug\debug.cpp:17 StXh@STXHNEC
INFO 2025-01-14 11:14:01,542 Auth info was exported to ./.tmp/auth_info.json api\debug\debug.cpp:17 StXh@STXHNEC
INFO 2025-01-14 11:15:12,753 Reloading the application... api\debug\debug.cpp:17 StXh@STXHNEC
INFO 2025-01-14 11:15:12,811 Reloading the application... api\debug\debug.cpp:17 StXh@STXHNEC
INFO 2025-01-14 11:23:25,784 Reloading the application... api\debug\debug.cpp:17 StXh@STXHNEC
INFO 2025-01-14 11:26:01,364 Reloading the application... api\debug\debug.cpp:17 StXh@STXHNEC
INFO 2025-01-14 11:26:44,980 Reloading the application... api\debug\debug.cpp:17 StXh@STXHNEC
INFO 2025-01-14 11:28:10,153 Reloading the application... api\debug\debug.cpp:17 StXh@STXHNEC
INFO 2025-01-14 11:31:24,101 Reloading the application... api\debug\debug.cpp:17 StXh@STXHNEC
INFO 2025-01-14 11:35:13,653 Reloading the application... api\debug\debug.cpp:17 StXh@STXHNEC
INFO 2025-01-14 11:51:05,515 Reloading the application... api\debug\debug.cpp:17 StXh@STXHNEC
INFO 2025-01-14 12:32:22,818 Reloading the application... api\debug\debug.cpp:17 StXh@STXHNEC
ERROR 2025-01-14 12:32:23,551 NE_RS_UNBLDRE: Unable to load application resource file /resources/js/vditor.min.js api\debug\debug.cpp:20 StXh@STXHNEC
INFO 2025-01-14 12:32:30,513 Reloading the application... api\debug\debug.cpp:17 StXh@STXHNEC
ERROR 2025-01-14 12:32:31,422 NE_RS_UNBLDRE: Unable to load application resource file /resources/js/vditor.min.js api\debug\debug.cpp:20 StXh@STXHNEC
INFO 2025-01-14 12:32:39,432 Reloading the application... api\debug\debug.cpp:17 StXh@STXHNEC
INFO 2025-01-14 12:34:41,072 Reloading the application... api\debug\debug.cpp:17 StXh@STXHNEC
INFO 2025-01-14 13:03:46,855 Reloading the application... api\debug\debug.cpp:17 StXh@STXHNEC
ERROR 2025-01-14 13:03:48,007 NE_RS_UNBLDRE: Unable to load application resource file /resources/false/dist/js/i18n/zh_CN.js api\debug\debug.cpp:20 StXh@STXHNEC
INFO 2025-01-14 13:04:04,893 Reloading the application... api\debug\debug.cpp:17 StXh@STXHNEC
ERROR 2025-01-14 13:04:06,100 NE_RS_UNBLDRE: Unable to load application resource file /resources/false/dist/js/i18n/zh_CN.js api\debug\debug.cpp:20 StXh@STXHNEC
INFO 2025-01-14 13:06:50,122 Reloading the application... api\debug\debug.cpp:17 StXh@STXHNEC
INFO 2025-01-14 13:06:50,189 Reloading the application... api\debug\debug.cpp:17 StXh@STXHNEC
INFO 2025-01-14 13:06:50,198 Reloading the application... api\debug\debug.cpp:17 StXh@STXHNEC
INFO 2025-01-14 13:06:50,203 Reloading the application... api\debug\debug.cpp:17 StXh@STXHNEC
INFO 2025-01-14 13:06:50,210 Reloading the application... api\debug\debug.cpp:17 StXh@STXHNEC
INFO 2025-01-14 13:06:50,220 Reloading the application... api\debug\debug.cpp:17 StXh@STXHNEC
INFO 2025-01-14 13:06:50,226 Reloading the application... api\debug\debug.cpp:17 StXh@STXHNEC
INFO 2025-01-14 13:06:50,237 Reloading the application... api\debug\debug.cpp:17 StXh@STXHNEC
INFO 2025-01-14 13:06:50,244 Reloading the application... api\debug\debug.cpp:17 StXh@STXHNEC
INFO 2025-01-14 13:06:50,253 Reloading the application... api\debug\debug.cpp:17 StXh@STXHNEC
ERROR 2025-01-14 13:06:51,246 NE_RS_UNBLDRE: Unable to load application resource file /resources/false/dist/js/i18n/zh_CN.js api\debug\debug.cpp:20 StXh@STXHNEC
ERROR 2025-01-14 13:06:55,991 NE_RS_UNBLDRE: Unable to load application resource file /resources/false/dist/js/i18n/zh_CN.js api\debug\debug.cpp:20 StXh@STXHNEC
INFO 2025-01-14 13:07:55,740 Reloading the application... api\debug\debug.cpp:17 StXh@STXHNEC
ERROR 2025-01-14 13:07:56,868 NE_RS_UNBLDRE: Unable to load application resource file /resources/dist/js/i18n/zh_CN.js api\debug\debug.cpp:20 StXh@STXHNEC
ERROR 2025-01-14 13:08:04,108 NE_RS_UNBLDRE: Unable to load application resource file /resources/dist/js/i18n/zh_CN.js api\debug\debug.cpp:20 StXh@STXHNEC
INFO 2025-01-14 13:09:21,968 Reloading the application... api\debug\debug.cpp:17 StXh@STXHNEC
ERROR 2025-01-14 13:09:23,090 NE_RS_UNBLDRE: Unable to load application resource file /resources/js/dist/js/i18n/zh_CN.js api\debug\debug.cpp:20 StXh@STXHNEC
INFO 2025-01-14 13:11:01,333 Reloading the application... api\debug\debug.cpp:17 StXh@STXHNEC
INFO 2025-01-14 13:11:13,280 Reloading the application... api\debug\debug.cpp:17 StXh@STXHNEC
INFO 2025-01-14 13:11:21,624 Reloading the application... api\debug\debug.cpp:17 StXh@STXHNEC
INFO 2025-01-14 13:11:36,334 Reloading the application... api\debug\debug.cpp:17 StXh@STXHNEC
INFO 2025-01-14 13:11:36,349 Reloading the application... api\debug\debug.cpp:17 StXh@STXHNEC
INFO 2025-01-14 13:11:36,353 Reloading the application... api\debug\debug.cpp:17 StXh@STXHNEC
INFO 2025-01-14 13:11:36,359 Reloading the application... api\debug\debug.cpp:17 StXh@STXHNEC
INFO 2025-01-14 13:11:36,364 Reloading the application... api\debug\debug.cpp:17 StXh@STXHNEC
INFO 2025-01-14 13:11:36,368 Reloading the application... api\debug\debug.cpp:17 StXh@STXHNEC
INFO 2025-01-14 13:11:36,373 Reloading the application... api\debug\debug.cpp:17 StXh@STXHNEC
INFO 2025-01-14 13:11:36,379 Reloading the application... api\debug\debug.cpp:17 StXh@STXHNEC
INFO 2025-01-14 13:11:36,390 Reloading the application... api\debug\debug.cpp:17 StXh@STXHNEC
INFO 2025-01-14 13:11:36,397 Reloading the application... api\debug\debug.cpp:17 StXh@STXHNEC
INFO 2025-01-14 13:12:00,298 Reloading the application... api\debug\debug.cpp:17 StXh@STXHNEC
ERROR 2025-01-14 13:12:01,364 NE_RS_UNBLDRE: Unable to load application resource file /resources/dist/js/i18n/zh_CN.js api\debug\debug.cpp:20 StXh@STXHNEC
ERROR 2025-01-14 13:12:39,587 NE_RS_UNBLDRE: Unable to load application resource file /resources/dist/js/i18n/zh_CN.js api\debug\debug.cpp:20 StXh@STXHNEC
INFO 2025-01-14 13:13:22,158 Reloading the application... api\debug\debug.cpp:17 StXh@STXHNEC
ERROR 2025-01-14 13:13:23,281 NE_RS_UNBLDRE: Unable to load application resource file /resources/dist/js/i18n/zh_CN.js api\debug\debug.cpp:20 StXh@STXHNEC
INFO 2025-01-14 13:13:26,087 Reloading the application... api\debug\debug.cpp:17 StXh@STXHNEC
ERROR 2025-01-14 13:13:26,876 NE_RS_UNBLDRE: Unable to load application resource file /resources/dist/js/i18n/zh_CN.js api\debug\debug.cpp:20 StXh@STXHNEC
INFO 2025-01-14 13:13:36,607 Reloading the application... api\debug\debug.cpp:17 StXh@STXHNEC
INFO 2025-01-14 13:13:36,651 Reloading the application... api\debug\debug.cpp:17 StXh@STXHNEC
INFO 2025-01-14 13:13:36,768 Reloading the application... api\debug\debug.cpp:17 StXh@STXHNEC
INFO 2025-01-14 13:13:36,783 Reloading the application... api\debug\debug.cpp:17 StXh@STXHNEC
INFO 2025-01-14 13:13:36,799 Reloading the application... api\debug\debug.cpp:17 StXh@STXHNEC
INFO 2025-01-14 13:13:36,839 Reloading the application... api\debug\debug.cpp:17 StXh@STXHNEC
INFO 2025-01-14 13:13:36,858 Reloading the application... api\debug\debug.cpp:17 StXh@STXHNEC
INFO 2025-01-14 13:13:36,865 Reloading the application... api\debug\debug.cpp:17 StXh@STXHNEC
INFO 2025-01-14 13:13:36,880 Reloading the application... api\debug\debug.cpp:17 StXh@STXHNEC
INFO 2025-01-14 13:13:36,885 Reloading the application... api\debug\debug.cpp:17 StXh@STXHNEC
INFO 2025-01-14 13:13:36,894 Reloading the application... api\debug\debug.cpp:17 StXh@STXHNEC
ERROR 2025-01-14 13:13:37,757 NE_RS_UNBLDRE: Unable to load application resource file /resources/dist/js/i18n/zh_CN.js api\debug\debug.cpp:20 StXh@STXHNEC
INFO 2025-01-14 13:13:50,283 Reloading the application... api\debug\debug.cpp:17 StXh@STXHNEC
ERROR 2025-01-14 13:13:51,438 NE_RS_UNBLDRE: Unable to load application resource file /resources/dist/js/i18n/zh_CN.js api\debug\debug.cpp:20 StXh@STXHNEC
INFO 2025-01-14 13:13:52,006 Reloading the application... api\debug\debug.cpp:17 StXh@STXHNEC
ERROR 2025-01-14 13:13:52,771 NE_RS_UNBLDRE: Unable to load application resource file /resources/dist/js/i18n/zh_CN.js api\debug\debug.cpp:20 StXh@STXHNEC
INFO 2025-01-14 13:13:59,954 Reloading the application... api\debug\debug.cpp:17 StXh@STXHNEC
INFO 2025-01-14 13:13:59,973 Reloading the application... api\debug\debug.cpp:17 StXh@STXHNEC
INFO 2025-01-14 13:13:59,976 Reloading the application... api\debug\debug.cpp:17 StXh@STXHNEC
INFO 2025-01-14 13:13:59,988 Reloading the application... api\debug\debug.cpp:17 StXh@STXHNEC
INFO 2025-01-14 13:14:00,002 Reloading the application... api\debug\debug.cpp:17 StXh@STXHNEC
INFO 2025-01-14 13:14:00,017 Reloading the application... api\debug\debug.cpp:17 StXh@STXHNEC
INFO 2025-01-14 13:14:00,026 Reloading the application... api\debug\debug.cpp:17 StXh@STXHNEC
INFO 2025-01-14 13:14:00,028 Reloading the application... api\debug\debug.cpp:17 StXh@STXHNEC
INFO 2025-01-14 13:14:00,032 Reloading the application... api\debug\debug.cpp:17 StXh@STXHNEC
INFO 2025-01-14 13:14:00,049 Reloading the application... api\debug\debug.cpp:17 StXh@STXHNEC
ERROR 2025-01-14 13:14:01,319 NE_RS_UNBLDRE: Unable to load application resource file /resources/dist/js/lute/lute.min.js api\debug\debug.cpp:20 StXh@STXHNEC
ERROR 2025-01-14 13:14:07,024 NE_RS_UNBLDRE: Unable to load application resource file /resources/dist/js/lute/lute.min.js api\debug\debug.cpp:20 StXh@STXHNEC
INFO 2025-01-14 13:14:43,722 Reloading the application... api\debug\debug.cpp:17 StXh@STXHNEC
INFO 2025-01-14 13:14:43,743 Reloading the application... api\debug\debug.cpp:17 StXh@STXHNEC
ERROR 2025-01-14 13:14:45,154 NE_RS_UNBLDRE: Unable to load application resource file /resources/dist/js/lute/lute.min.js api\debug\debug.cpp:20 StXh@STXHNEC
ERROR 2025-01-14 13:14:49,614 NE_RS_UNBLDRE: Unable to load application resource file /resources/dist/js/lute/lute.min.js api\debug\debug.cpp:20 StXh@STXHNEC
INFO 2025-01-14 13:15:25,081 Reloading the application... api\debug\debug.cpp:17 StXh@STXHNEC
INFO 2025-01-14 13:15:25,106 Reloading the application... api\debug\debug.cpp:17 StXh@STXHNEC
ERROR 2025-01-14 13:15:29,454 NE_RS_UNBLDRE: Unable to load application resource file /resources/dist/js/icons/ant.js api\debug\debug.cpp:20 StXh@STXHNEC
ERROR 2025-01-14 13:15:31,421 NE_RS_UNBLDRE: Unable to load application resource file /resources/dist/js/icons/ant.js api\debug\debug.cpp:20 StXh@STXHNEC
INFO 2025-01-14 13:15:44,062 Reloading the application... api\debug\debug.cpp:17 StXh@STXHNEC
INFO 2025-01-14 13:15:44,087 Reloading the application... api\debug\debug.cpp:17 StXh@STXHNEC
INFO 2025-01-14 13:15:44,094 Reloading the application... api\debug\debug.cpp:17 StXh@STXHNEC
ERROR 2025-01-14 13:16:12,843 NE_RS_UNBLDRE: Unable to load application resource file /resources/dist/js/highlight.js/styles/github.min.css api\debug\debug.cpp:20 StXh@STXHNEC
ERROR 2025-01-14 13:16:12,851 NE_RS_UNBLDRE: Unable to load application resource file /resources/dist/js/highlight.js/highlight.min.js api\debug\debug.cpp:20 StXh@STXHNEC
ERROR 2025-01-14 13:16:12,997 NE_RS_UNBLDRE: Unable to load application resource file /resources/images/screenshot.png api\debug\debug.cpp:20 StXh@STXHNEC
ERROR 2025-01-14 13:16:13,546 NE_RS_UNBLDRE: Unable to load application resource file /resources/images/screenshot.png api\debug\debug.cpp:20 StXh@STXHNEC
ERROR 2025-01-14 13:16:57,765 NE_RS_UNBLDRE: Unable to load application resource file /resources/images/screenshot.png api\debug\debug.cpp:20 StXh@STXHNEC
ERROR 2025-01-14 13:16:58,315 NE_RS_UNBLDRE: Unable to load application resource file /resources/images/screenshot.png api\debug\debug.cpp:20 StXh@STXHNEC
ERROR 2025-01-14 13:17:06,976 NE_RS_UNBLDRE: Unable to load application resource file /resources/f/images/screenshot.png api\debug\debug.cpp:20 StXh@STXHNEC
ERROR 2025-01-14 13:17:07,300 NE_RS_UNBLDRE: Unable to load application resource file /resources/fi/images/screenshot.png api\debug\debug.cpp:20 StXh@STXHNEC
ERROR 2025-01-14 13:17:07,972 NE_RS_UNBLDRE: Unable to load application resource file /resources/fil/images/screenshot.png api\debug\debug.cpp:20 StXh@STXHNEC
ERROR 2025-01-14 13:17:08,135 NE_RS_UNBLDRE: Unable to load application resource file /resources/file/images/screenshot.png api\debug\debug.cpp:20 StXh@STXHNEC
ERROR 2025-01-14 13:17:08,678 NE_RS_UNBLDRE: Unable to load application resource file /resources/file/images/screenshot.png api\debug\debug.cpp:20 StXh@STXHNEC
INFO 2025-01-14 13:19:22,396 Reloading the application... api\debug\debug.cpp:17 StXh@STXHNEC
INFO 2025-01-14 13:19:22,446 Reloading the application... api\debug\debug.cpp:17 StXh@STXHNEC
INFO 2025-01-14 13:19:22,456 Reloading the application... api\debug\debug.cpp:17 StXh@STXHNEC
INFO 2025-01-14 13:19:22,641 Reloading the application... api\debug\debug.cpp:17 StXh@STXHNEC
INFO 2025-01-14 13:19:23,854 Reloading the application... api\debug\debug.cpp:17 StXh@STXHNEC
INFO 2025-01-14 13:19:23,861 Reloading the application... api\debug\debug.cpp:17 StXh@STXHNEC
INFO 2025-01-14 13:19:23,868 Reloading the application... api\debug\debug.cpp:17 StXh@STXHNEC
INFO 2025-01-14 13:19:23,876 Reloading the application... api\debug\debug.cpp:17 StXh@STXHNEC
INFO 2025-01-14 13:19:23,891 Reloading the application... api\debug\debug.cpp:17 StXh@STXHNEC
INFO 2025-01-14 13:19:23,907 Reloading the application... api\debug\debug.cpp:17 StXh@STXHNEC
INFO 2025-01-14 13:19:23,912 Reloading the application... api\debug\debug.cpp:17 StXh@STXHNEC
INFO 2025-01-14 13:19:23,945 Reloading the application... api\debug\debug.cpp:17 StXh@STXHNEC
INFO 2025-01-14 13:19:23,956 Reloading the application... api\debug\debug.cpp:17 StXh@STXHNEC
INFO 2025-01-14 13:19:23,961 Reloading the application... api\debug\debug.cpp:17 StXh@STXHNEC
INFO 2025-01-14 13:19:23,977 Reloading the application... api\debug\debug.cpp:17 StXh@STXHNEC
INFO 2025-01-14 13:19:23,987 Reloading the application... api\debug\debug.cpp:17 StXh@STXHNEC
INFO 2025-01-14 13:19:23,993 Reloading the application... api\debug\debug.cpp:17 StXh@STXHNEC
INFO 2025-01-14 13:19:23,996 Reloading the application... api\debug\debug.cpp:17 StXh@STXHNEC
INFO 2025-01-14 13:19:24,008 Reloading the application... api\debug\debug.cpp:17 StXh@STXHNEC
INFO 2025-01-14 13:19:24,010 Reloading the application... api\debug\debug.cpp:17 StXh@STXHNEC
INFO 2025-01-14 13:19:24,028 Reloading the application... api\debug\debug.cpp:17 StXh@STXHNEC
INFO 2025-01-14 13:19:24,033 Reloading the application... api\debug\debug.cpp:17 StXh@STXHNEC
INFO 2025-01-14 13:19:24,036 Reloading the application... api\debug\debug.cpp:17 StXh@STXHNEC
INFO 2025-01-14 13:19:24,038 Reloading the application... api\debug\debug.cpp:17 StXh@STXHNEC
INFO 2025-01-14 13:19:24,042 Reloading the application... api\debug\debug.cpp:17 StXh@STXHNEC
INFO 2025-01-14 13:19:24,044 Reloading the application... api\debug\debug.cpp:17 StXh@STXHNEC
INFO 2025-01-14 13:19:24,049 Reloading the application... api\debug\debug.cpp:17 StXh@STXHNEC
INFO 2025-01-14 13:19:24,052 Reloading the application... api\debug\debug.cpp:17 StXh@STXHNEC
INFO 2025-01-14 13:19:24,053 Reloading the application... api\debug\debug.cpp:17 StXh@STXHNEC
INFO 2025-01-14 13:19:24,145 Reloading the application... api\debug\debug.cpp:17 StXh@STXHNEC
INFO 2025-01-14 13:19:24,174 Reloading the application... api\debug\debug.cpp:17 StXh@STXHNEC
INFO 2025-01-14 13:19:24,177 Reloading the application... api\debug\debug.cpp:17 StXh@STXHNEC
INFO 2025-01-14 13:19:24,182 Reloading the application... api\debug\debug.cpp:17 StXh@STXHNEC
INFO 2025-01-14 13:19:24,184 Reloading the application... api\debug\debug.cpp:17 StXh@STXHNEC
INFO 2025-01-14 13:19:24,185 Reloading the application... api\debug\debug.cpp:17 StXh@STXHNEC
INFO 2025-01-14 13:19:24,190 Reloading the application... api\debug\debug.cpp:17 StXh@STXHNEC
INFO 2025-01-14 13:19:24,194 Reloading the application... api\debug\debug.cpp:17 StXh@STXHNEC
INFO 2025-01-14 13:19:24,200 Reloading the application... api\debug\debug.cpp:17 StXh@STXHNEC
INFO 2025-01-14 13:19:24,225 Reloading the application... api\debug\debug.cpp:17 StXh@STXHNEC
INFO 2025-01-14 13:19:24,236 Reloading the application... api\debug\debug.cpp:17 StXh@STXHNEC
INFO 2025-01-14 13:19:24,242 Reloading the application... api\debug\debug.cpp:17 StXh@STXHNEC
INFO 2025-01-14 13:19:24,254 Reloading the application... api\debug\debug.cpp:17 StXh@STXHNEC
INFO 2025-01-14 13:19:24,256 Reloading the application... api\debug\debug.cpp:17 StXh@STXHNEC
INFO 2025-01-14 13:19:24,258 Reloading the application... api\debug\debug.cpp:17 StXh@STXHNEC
INFO 2025-01-14 13:19:24,259 Reloading the application... api\debug\debug.cpp:17 StXh@STXHNEC
INFO 2025-01-14 13:19:24,260 Reloading the application... api\debug\debug.cpp:17 StXh@STXHNEC
INFO 2025-01-14 13:19:24,273 Reloading the application... api\debug\debug.cpp:17 StXh@STXHNEC
INFO 2025-01-14 13:19:24,275 Reloading the application... api\debug\debug.cpp:17 StXh@STXHNEC
INFO 2025-01-14 13:19:24,275 Reloading the application... api\debug\debug.cpp:17 StXh@STXHNEC
INFO 2025-01-14 13:19:24,276 Reloading the application... api\debug\debug.cpp:17 StXh@STXHNEC
INFO 2025-01-14 13:19:24,277 Reloading the application... api\debug\debug.cpp:17 StXh@STXHNEC
INFO 2025-01-14 13:19:24,278 Reloading the application... api\debug\debug.cpp:17 StXh@STXHNEC
INFO 2025-01-14 13:19:24,279 Reloading the application... api\debug\debug.cpp:17 StXh@STXHNEC
INFO 2025-01-14 13:19:24,283 Reloading the application... api\debug\debug.cpp:17 StXh@STXHNEC
INFO 2025-01-14 13:19:24,303 Reloading the application... api\debug\debug.cpp:17 StXh@STXHNEC
INFO 2025-01-14 13:19:24,304 Reloading the application... api\debug\debug.cpp:17 StXh@STXHNEC
INFO 2025-01-14 13:19:24,307 Reloading the application... api\debug\debug.cpp:17 StXh@STXHNEC
INFO 2025-01-14 13:19:24,309 Reloading the application... api\debug\debug.cpp:17 StXh@STXHNEC
INFO 2025-01-14 13:19:24,309 Reloading the application... api\debug\debug.cpp:17 StXh@STXHNEC
INFO 2025-01-14 13:19:24,313 Reloading the application... api\debug\debug.cpp:17 StXh@STXHNEC
INFO 2025-01-14 13:19:24,317 Reloading the application... api\debug\debug.cpp:17 StXh@STXHNEC
INFO 2025-01-14 13:19:24,319 Reloading the application... api\debug\debug.cpp:17 StXh@STXHNEC
INFO 2025-01-14 13:19:24,344 Reloading the application... api\debug\debug.cpp:17 StXh@STXHNEC
INFO 2025-01-14 13:19:24,349 Reloading the application... api\debug\debug.cpp:17 StXh@STXHNEC
INFO 2025-01-14 13:19:24,352 Reloading the application... api\debug\debug.cpp:17 StXh@STXHNEC
INFO 2025-01-14 13:19:24,352 Reloading the application... api\debug\debug.cpp:17 StXh@STXHNEC
INFO 2025-01-14 13:19:24,353 Reloading the application... api\debug\debug.cpp:17 StXh@STXHNEC
INFO 2025-01-14 13:19:24,357 Reloading the application... api\debug\debug.cpp:17 StXh@STXHNEC
INFO 2025-01-14 13:19:24,372 Reloading the application... api\debug\debug.cpp:17 StXh@STXHNEC
INFO 2025-01-14 13:19:24,374 Reloading the application... api\debug\debug.cpp:17 StXh@STXHNEC
INFO 2025-01-14 13:19:24,375 Reloading the application... api\debug\debug.cpp:17 StXh@STXHNEC
INFO 2025-01-14 13:19:24,388 Reloading the application... api\debug\debug.cpp:17 StXh@STXHNEC
INFO 2025-01-14 13:19:24,392 Reloading the application... api\debug\debug.cpp:17 StXh@STXHNEC
INFO 2025-01-14 13:19:24,398 Reloading the application... api\debug\debug.cpp:17 StXh@STXHNEC
INFO 2025-01-14 13:19:24,400 Reloading the application... api\debug\debug.cpp:17 StXh@STXHNEC
INFO 2025-01-14 13:19:24,401 Reloading the application... api\debug\debug.cpp:17 StXh@STXHNEC
INFO 2025-01-14 13:19:24,402 Reloading the application... api\debug\debug.cpp:17 StXh@STXHNEC
INFO 2025-01-14 13:19:24,407 Reloading the application... api\debug\debug.cpp:17 StXh@STXHNEC
INFO 2025-01-14 13:19:24,417 Reloading the application... api\debug\debug.cpp:17 StXh@STXHNEC
INFO 2025-01-14 13:19:24,420 Reloading the application... api\debug\debug.cpp:17 StXh@STXHNEC
INFO 2025-01-14 13:19:24,438 Reloading the application... api\debug\debug.cpp:17 StXh@STXHNEC
INFO 2025-01-14 13:19:24,470 Reloading the application... api\debug\debug.cpp:17 StXh@STXHNEC
INFO 2025-01-14 13:19:24,476 Reloading the application... api\debug\debug.cpp:17 StXh@STXHNEC
INFO 2025-01-14 13:19:24,483 Reloading the application... api\debug\debug.cpp:17 StXh@STXHNEC
INFO 2025-01-14 13:19:24,492 Reloading the application... api\debug\debug.cpp:17 StXh@STXHNEC
INFO 2025-01-14 13:19:24,501 Reloading the application... api\debug\debug.cpp:17 StXh@STXHNEC
INFO 2025-01-14 13:19:24,504 Reloading the application... api\debug\debug.cpp:17 StXh@STXHNEC
INFO 2025-01-14 13:19:24,507 Reloading the application... api\debug\debug.cpp:17 StXh@STXHNEC
INFO 2025-01-14 13:19:24,508 Reloading the application... api\debug\debug.cpp:17 StXh@STXHNEC
INFO 2025-01-14 13:19:24,511 Reloading the application... api\debug\debug.cpp:17 StXh@STXHNEC
INFO 2025-01-14 13:19:24,527 Reloading the application... api\debug\debug.cpp:17 StXh@STXHNEC
INFO 2025-01-14 13:19:24,538 Reloading the application... api\debug\debug.cpp:17 StXh@STXHNEC
INFO 2025-01-14 13:19:24,542 Reloading the application... api\debug\debug.cpp:17 StXh@STXHNEC
INFO 2025-01-14 13:19:24,543 Reloading the application... api\debug\debug.cpp:17 StXh@STXHNEC
INFO 2025-01-14 13:19:24,545 Reloading the application... api\debug\debug.cpp:17 StXh@STXHNEC
INFO 2025-01-14 13:19:24,546 Reloading the application... api\debug\debug.cpp:17 StXh@STXHNEC
INFO 2025-01-14 13:19:24,552 Reloading the application... api\debug\debug.cpp:17 StXh@STXHNEC
INFO 2025-01-14 13:19:24,561 Reloading the application... api\debug\debug.cpp:17 StXh@STXHNEC
INFO 2025-01-14 13:19:24,563 Reloading the application... api\debug\debug.cpp:17 StXh@STXHNEC
INFO 2025-01-14 13:19:24,571 Reloading the application... api\debug\debug.cpp:17 StXh@STXHNEC
INFO 2025-01-14 13:19:24,578 Reloading the application... api\debug\debug.cpp:17 StXh@STXHNEC
INFO 2025-01-14 13:19:24,579 Reloading the application... api\debug\debug.cpp:17 StXh@STXHNEC
INFO 2025-01-14 13:19:24,584 Reloading the application... api\debug\debug.cpp:17 StXh@STXHNEC
INFO 2025-01-14 13:19:24,585 Reloading the application... api\debug\debug.cpp:17 StXh@STXHNEC
INFO 2025-01-14 13:19:24,604 Reloading the application... api\debug\debug.cpp:17 StXh@STXHNEC
INFO 2025-01-14 13:19:24,606 Reloading the application... api\debug\debug.cpp:17 StXh@STXHNEC
INFO 2025-01-14 13:19:24,609 Reloading the application... api\debug\debug.cpp:17 StXh@STXHNEC
INFO 2025-01-14 13:19:24,612 Reloading the application... api\debug\debug.cpp:17 StXh@STXHNEC
INFO 2025-01-14 13:19:24,624 Reloading the application... api\debug\debug.cpp:17 StXh@STXHNEC
INFO 2025-01-14 13:19:24,630 Reloading the application... api\debug\debug.cpp:17 StXh@STXHNEC
INFO 2025-01-14 13:19:24,637 Reloading the application... api\debug\debug.cpp:17 StXh@STXHNEC
INFO 2025-01-14 13:19:24,640 Reloading the application... api\debug\debug.cpp:17 StXh@STXHNEC
INFO 2025-01-14 13:19:24,657 Reloading the application... api\debug\debug.cpp:17 StXh@STXHNEC
INFO 2025-01-14 13:19:24,666 Reloading the application... api\debug\debug.cpp:17 StXh@STXHNEC
INFO 2025-01-14 13:19:24,672 Reloading the application... api\debug\debug.cpp:17 StXh@STXHNEC
INFO 2025-01-14 13:19:24,683 Reloading the application... api\debug\debug.cpp:17 StXh@STXHNEC
INFO 2025-01-14 13:19:24,686 Reloading the application... api\debug\debug.cpp:17 StXh@STXHNEC
INFO 2025-01-14 13:19:24,690 Reloading the application... api\debug\debug.cpp:17 StXh@STXHNEC
INFO 2025-01-14 13:19:24,695 Reloading the application... api\debug\debug.cpp:17 StXh@STXHNEC
INFO 2025-01-14 13:19:24,696 Reloading the application... api\debug\debug.cpp:17 StXh@STXHNEC
INFO 2025-01-14 13:19:24,708 Reloading the application... api\debug\debug.cpp:17 StXh@STXHNEC
INFO 2025-01-14 13:19:24,713 Reloading the application... api\debug\debug.cpp:17 StXh@STXHNEC
INFO 2025-01-14 13:19:24,716 Reloading the application... api\debug\debug.cpp:17 StXh@STXHNEC
INFO 2025-01-14 13:19:24,722 Reloading the application... api\debug\debug.cpp:17 StXh@STXHNEC
INFO 2025-01-14 13:19:24,725 Reloading the application... api\debug\debug.cpp:17 StXh@STXHNEC
INFO 2025-01-14 13:19:24,726 Reloading the application... api\debug\debug.cpp:17 StXh@STXHNEC
INFO 2025-01-14 13:19:24,729 Reloading the application... api\debug\debug.cpp:17 StXh@STXHNEC
INFO 2025-01-14 13:19:24,740 Reloading the application... api\debug\debug.cpp:17 StXh@STXHNEC
INFO 2025-01-14 13:19:24,746 Reloading the application... api\debug\debug.cpp:17 StXh@STXHNEC
INFO 2025-01-14 13:19:24,760 Reloading the application... api\debug\debug.cpp:17 StXh@STXHNEC
INFO 2025-01-14 13:19:24,763 Reloading the application... api\debug\debug.cpp:17 StXh@STXHNEC
INFO 2025-01-14 13:19:24,765 Reloading the application... api\debug\debug.cpp:17 StXh@STXHNEC
INFO 2025-01-14 13:19:24,771 Reloading the application... api\debug\debug.cpp:17 StXh@STXHNEC
INFO 2025-01-14 13:19:24,775 Reloading the application... api\debug\debug.cpp:17 StXh@STXHNEC
INFO 2025-01-14 13:19:24,787 Reloading the application... api\debug\debug.cpp:17 StXh@STXHNEC
INFO 2025-01-14 13:19:24,793 Reloading the application... api\debug\debug.cpp:17 StXh@STXHNEC
INFO 2025-01-14 13:19:24,809 Reloading the application... api\debug\debug.cpp:17 StXh@STXHNEC
INFO 2025-01-14 13:19:24,810 Reloading the application... api\debug\debug.cpp:17 StXh@STXHNEC
INFO 2025-01-14 13:19:24,812 Reloading the application... api\debug\debug.cpp:17 StXh@STXHNEC
INFO 2025-01-14 13:19:24,813 Reloading the application... api\debug\debug.cpp:17 StXh@STXHNEC
INFO 2025-01-14 13:19:24,816 Reloading the application... api\debug\debug.cpp:17 StXh@STXHNEC
INFO 2025-01-14 13:19:24,816 Reloading the application... api\debug\debug.cpp:17 StXh@STXHNEC
INFO 2025-01-14 13:19:24,818 Reloading the application... api\debug\debug.cpp:17 StXh@STXHNEC
INFO 2025-01-14 13:19:24,819 Reloading the application... api\debug\debug.cpp:17 StXh@STXHNEC
INFO 2025-01-14 13:19:24,820 Reloading the application... api\debug\debug.cpp:17 StXh@STXHNEC
INFO 2025-01-14 13:19:24,821 Reloading the application... api\debug\debug.cpp:17 StXh@STXHNEC
INFO 2025-01-14 13:19:24,823 Reloading the application... api\debug\debug.cpp:17 StXh@STXHNEC
INFO 2025-01-14 13:19:24,824 Reloading the application... api\debug\debug.cpp:17 StXh@STXHNEC
INFO 2025-01-14 13:19:24,825 Reloading the application... api\debug\debug.cpp:17 StXh@STXHNEC
INFO 2025-01-14 13:19:24,839 Reloading the application... api\debug\debug.cpp:17 StXh@STXHNEC
INFO 2025-01-14 13:19:24,843 Reloading the application... api\debug\debug.cpp:17 StXh@STXHNEC
INFO 2025-01-14 13:19:24,850 Reloading the application... api\debug\debug.cpp:17 StXh@STXHNEC
INFO 2025-01-14 13:19:24,853 Reloading the application... api\debug\debug.cpp:17 StXh@STXHNEC
INFO 2025-01-14 13:19:24,854 Reloading the application... api\debug\debug.cpp:17 StXh@STXHNEC
INFO 2025-01-14 13:19:24,854 Reloading the application... api\debug\debug.cpp:17 StXh@STXHNEC
INFO 2025-01-14 13:19:24,855 Reloading the application... api\debug\debug.cpp:17 StXh@STXHNEC
INFO 2025-01-14 13:19:24,857 Reloading the application... api\debug\debug.cpp:17 StXh@STXHNEC
INFO 2025-01-14 13:19:24,858 Reloading the application... api\debug\debug.cpp:17 StXh@STXHNEC
INFO 2025-01-14 13:19:24,860 Reloading the application... api\debug\debug.cpp:17 StXh@STXHNEC
INFO 2025-01-14 13:19:24,861 Reloading the application... api\debug\debug.cpp:17 StXh@STXHNEC
INFO 2025-01-14 13:19:24,865 Reloading the application... api\debug\debug.cpp:17 StXh@STXHNEC
INFO 2025-01-14 13:19:24,866 Reloading the application... api\debug\debug.cpp:17 StXh@STXHNEC
INFO 2025-01-14 13:19:24,868 Reloading the application... api\debug\debug.cpp:17 StXh@STXHNEC
INFO 2025-01-14 13:19:24,869 Reloading the application... api\debug\debug.cpp:17 StXh@STXHNEC
INFO 2025-01-14 13:19:24,871 Reloading the application... api\debug\debug.cpp:17 StXh@STXHNEC
INFO 2025-01-14 13:19:24,879 Reloading the application... api\debug\debug.cpp:17 StXh@STXHNEC
INFO 2025-01-14 13:19:24,880 Reloading the application... api\debug\debug.cpp:17 StXh@STXHNEC
INFO 2025-01-14 13:19:24,884 Reloading the application... api\debug\debug.cpp:17 StXh@STXHNEC
INFO 2025-01-14 13:19:24,890 Reloading the application... api\debug\debug.cpp:17 StXh@STXHNEC
INFO 2025-01-14 13:19:24,893 Reloading the application... api\debug\debug.cpp:17 StXh@STXHNEC
INFO 2025-01-14 13:19:24,894 Reloading the application... api\debug\debug.cpp:17 StXh@STXHNEC
INFO 2025-01-14 13:19:24,896 Reloading the application... api\debug\debug.cpp:17 StXh@STXHNEC
INFO 2025-01-14 13:19:24,904 Reloading the application... api\debug\debug.cpp:17 StXh@STXHNEC
INFO 2025-01-14 13:19:24,907 Reloading the application... api\debug\debug.cpp:17 StXh@STXHNEC
INFO 2025-01-14 13:19:24,909 Reloading the application... api\debug\debug.cpp:17 StXh@STXHNEC
INFO 2025-01-14 13:19:24,912 Reloading the application... api\debug\debug.cpp:17 StXh@STXHNEC
INFO 2025-01-14 13:19:24,915 Reloading the application... api\debug\debug.cpp:17 StXh@STXHNEC
INFO 2025-01-14 13:19:24,921 Reloading the application... api\debug\debug.cpp:17 StXh@STXHNEC
INFO 2025-01-14 13:19:24,926 Reloading the application... api\debug\debug.cpp:17 StXh@STXHNEC
INFO 2025-01-14 13:19:24,927 Reloading the application... api\debug\debug.cpp:17 StXh@STXHNEC
INFO 2025-01-14 13:21:07,307 Auth info was exported to ./.tmp/auth_info.json api\debug\debug.cpp:17 StXh@STXHNEC
ERROR 2025-01-14 13:21:32,570 NE_RS_UNBLDRE: Unable to load application resource file /resources/images/screenshot.png api\debug\debug.cpp:20 StXh@STXHNEC
ERROR 2025-01-14 13:21:33,420 NE_RS_UNBLDRE: Unable to load application resource file /resources/images/screenshot.png api\debug\debug.cpp:20 StXh@STXHNEC
ERROR 2025-01-14 13:21:40,156 NE_RS_UNBLDRE: Unable to load application resource file /resources/fimages/screenshot.png api\debug\debug.cpp:20 StXh@STXHNEC
ERROR 2025-01-14 13:21:40,403 NE_RS_UNBLDRE: Unable to load application resource file /resources/fiimages/screenshot.png api\debug\debug.cpp:20 StXh@STXHNEC
ERROR 2025-01-14 13:21:40,489 NE_RS_UNBLDRE: Unable to load application resource file /resources/filimages/screenshot.png api\debug\debug.cpp:20 StXh@STXHNEC
ERROR 2025-01-14 13:21:40,708 NE_RS_UNBLDRE: Unable to load application resource file /resources/fileimages/screenshot.png api\debug\debug.cpp:20 StXh@STXHNEC
INFO 2025-01-14 13:22:45,356 Auth info was exported to ./.tmp/auth_info.json api\debug\debug.cpp:17 StXh@STXHNEC
ERROR 2025-01-14 13:22:56,520 NE_RS_UNBLDRE: Unable to load application resource file /resources/images/screenshot.png api\debug\debug.cpp:20 StXh@STXHNEC
ERROR 2025-01-14 13:22:57,070 NE_RS_UNBLDRE: Unable to load application resource file /resources/images/screenshot.png api\debug\debug.cpp:20 StXh@STXHNEC
ERROR 2025-01-14 13:23:03,929 NE_RS_UNBLDRE: Unable to load application resource file /resources/fimages/screenshot.png api\debug\debug.cpp:20 StXh@STXHNEC
ERROR 2025-01-14 13:23:03,997 NE_RS_UNBLDRE: Unable to load application resource file /resources/fiimages/screenshot.png api\debug\debug.cpp:20 StXh@STXHNEC
ERROR 2025-01-14 13:23:04,202 NE_RS_UNBLDRE: Unable to load application resource file /resources/filimages/screenshot.png api\debug\debug.cpp:20 StXh@STXHNEC
ERROR 2025-01-14 13:23:04,209 NE_RS_UNBLDRE: Unable to load application resource file /resources/fileimages/screenshot.png api\debug\debug.cpp:20 StXh@STXHNEC
INFO 2025-01-14 21:06:57,816 Reloading the application... api\debug\debug.cpp:17 StXh@STXHNEC
INFO 2025-01-14 21:12:08,264 Reloading the application... api\debug\debug.cpp:17 StXh@STXHNEC
INFO 2025-01-14 21:24:07,675 Reloading the application... api\debug\debug.cpp:17 StXh@STXHNEC
INFO 2025-01-14 21:24:58,644 Reloading the application... api\debug\debug.cpp:17 StXh@STXHNEC
INFO 2025-01-14 21:25:08,782 Reloading the application... api\debug\debug.cpp:17 StXh@STXHNEC
INFO 2025-01-14 21:25:45,187 Reloading the application... api\debug\debug.cpp:17 StXh@STXHNEC
INFO 2025-01-14 21:25:57,299 Reloading the application... api\debug\debug.cpp:17 StXh@STXHNEC
INFO 2025-01-14 21:26:51,467 Reloading the application... api\debug\debug.cpp:17 StXh@STXHNEC
INFO 2025-01-14 21:32:46,555 Reloading the application... api\debug\debug.cpp:17 StXh@STXHNEC
INFO 2025-01-14 21:53:14,235 Reloading the application... api\debug\debug.cpp:17 StXh@STXHNEC
INFO 2025-01-14 22:00:42,415 Reloading the application... api\debug\debug.cpp:17 StXh@STXHNEC
INFO 2025-01-14 22:05:55,531 Reloading the application... api\debug\debug.cpp:17 StXh@STXHNEC
INFO 2025-01-14 22:09:19,041 Reloading the application... api\debug\debug.cpp:17 StXh@STXHNEC
ERROR 2025-01-14 22:13:05,116 NE_RS_UNBLDRE: Unable to load application resource file /resources/dist/js/katex/katex.min.css api\debug\debug.cpp:20 StXh@STXHNEC
ERROR 2025-01-14 22:13:05,119 NE_RS_UNBLDRE: Unable to load application resource file /resources/dist/js/katex/katex.min.js api\debug\debug.cpp:20 StXh@STXHNEC
ERROR 2025-01-14 22:13:05,128 NE_RS_UNBLDRE: Unable to load application resource file /resources/dist/js/echarts/echarts.min.js api\debug\debug.cpp:20 StXh@STXHNEC
ERROR 2025-01-14 22:13:05,136 NE_RS_UNBLDRE: Unable to load application resource file /resources/dist/js/mermaid/mermaid.min.js api\debug\debug.cpp:20 StXh@STXHNEC
ERROR 2025-01-14 22:13:05,138 NE_RS_UNBLDRE: Unable to load application resource file /resources/dist/js/abcjs/abcjs_basic.min.js api\debug\debug.cpp:20 StXh@STXHNEC
ERROR 2025-01-14 22:13:05,140 NE_RS_UNBLDRE: Unable to load application resource file /resources/dist/js/graphviz/viz.js api\debug\debug.cpp:20 StXh@STXHNEC
ERROR 2025-01-14 22:13:05,445 NE_RS_UNBLDRE: Unable to load application resource file /resources/dist/js/flowchart.js/flowchart.min.js api\debug\debug.cpp:20 StXh@STXHNEC
INFO 2025-01-14 22:15:22,156 Reloading the application... api\debug\debug.cpp:17 StXh@STXHNEC
INFO 2025-01-14 22:15:23,325 Reloading the application... api\debug\debug.cpp:17 StXh@STXHNEC
INFO 2025-01-14 22:15:23,347 Reloading the application... api\debug\debug.cpp:17 StXh@STXHNEC
INFO 2025-01-14 22:15:23,373 Reloading the application... api\debug\debug.cpp:17 StXh@STXHNEC
INFO 2025-01-14 22:15:23,464 Reloading the application... api\debug\debug.cpp:17 StXh@STXHNEC
INFO 2025-01-14 22:15:23,476 Reloading the application... api\debug\debug.cpp:17 StXh@STXHNEC
INFO 2025-01-14 22:15:23,611 Reloading the application... api\debug\debug.cpp:17 StXh@STXHNEC
INFO 2025-01-14 22:15:23,623 Reloading the application... api\debug\debug.cpp:17 StXh@STXHNEC
INFO 2025-01-14 22:15:24,491 Reloading the application... api\debug\debug.cpp:17 StXh@STXHNEC
INFO 2025-01-14 22:15:24,502 Reloading the application... api\debug\debug.cpp:17 StXh@STXHNEC
INFO 2025-01-14 22:15:24,572 Reloading the application... api\debug\debug.cpp:17 StXh@STXHNEC
INFO 2025-01-14 22:15:24,578 Reloading the application... api\debug\debug.cpp:17 StXh@STXHNEC
INFO 2025-01-14 22:15:24,652 Reloading the application... api\debug\debug.cpp:17 StXh@STXHNEC
INFO 2025-01-14 22:15:24,659 Reloading the application... api\debug\debug.cpp:17 StXh@STXHNEC
INFO 2025-01-14 22:15:24,664 Reloading the application... api\debug\debug.cpp:17 StXh@STXHNEC
INFO 2025-01-14 22:15:24,733 Reloading the application... api\debug\debug.cpp:17 StXh@STXHNEC
INFO 2025-01-14 22:15:24,759 Reloading the application... api\debug\debug.cpp:17 StXh@STXHNEC
INFO 2025-01-14 22:15:24,790 Reloading the application... api\debug\debug.cpp:17 StXh@STXHNEC
INFO 2025-01-14 22:15:24,811 Reloading the application... api\debug\debug.cpp:17 StXh@STXHNEC
INFO 2025-01-14 22:15:24,815 Reloading the application... api\debug\debug.cpp:17 StXh@STXHNEC
ERROR 2025-01-14 22:15:28,518 NE_RS_UNBLDRE: Unable to load application resource file /resources/dist/js/graphviz/viz.js api\debug\debug.cpp:20 StXh@STXHNEC
INFO 2025-01-14 22:42:14,118 Reloading the application... api\debug\debug.cpp:17 StXh@STXHNEC
ERROR 2025-01-14 22:42:17,075 NE_RS_UNBLDRE: Unable to load application resource file /resources/dist/js/graphviz/viz.js api\debug\debug.cpp:20 StXh@STXHNEC
ERROR 2025-01-14 22:44:13,220 NE_RS_UNBLDRE: Unable to load application resource file /resources/dist/js/graphviz/viz.js api\debug\debug.cpp:20 StXh@STXHNEC
INFO 2025-01-14 22:45:14,691 Reloading the application... api\debug\debug.cpp:17 StXh@STXHNEC
ERROR 2025-01-14 22:45:17,701 NE_RS_UNBLDRE: Unable to load application resource file /resources/dist/js/graphviz/viz.js api\debug\debug.cpp:20 StXh@STXHNEC
ERROR 2025-01-14 22:45:23,172 NE_RS_UNBLDRE: Unable to load application resource file /resources/dist/js/graphviz/viz.js api\debug\debug.cpp:20 StXh@STXHNEC
INFO 2025-01-14 22:50:21,992 Reloading the application... api\debug\debug.cpp:17 StXh@STXHNEC
ERROR 2025-01-14 22:50:24,852 NE_RS_UNBLDRE: Unable to load application resource file /resources/dist/js/graphviz/viz.js api\debug\debug.cpp:20 StXh@STXHNEC
ERROR 2025-01-14 22:50:51,372 NE_RS_UNBLDRE: Unable to load application resource file /resources/dist/js/graphviz/viz.js api\debug\debug.cpp:20 StXh@STXHNEC
ERROR 2025-01-14 22:56:56,433 NE_RS_UNBLDRE: Unable to load application resource file /resources/dist/js/graphviz/viz.js api\debug\debug.cpp:20 StXh@STXHNEC
INFO 2025-01-14 23:10:10,527 Reloading the application... api\debug\debug.cpp:17 StXh@STXHNEC
ERROR 2025-01-14 23:10:13,927 NE_RS_UNBLDRE: Unable to load application resource file /resources/dist/js/graphviz/viz.js api\debug\debug.cpp:20 StXh@STXHNEC
INFO 2025-01-14 23:10:34,012 Reloading the application... api\debug\debug.cpp:17 StXh@STXHNEC
ERROR 2025-01-14 23:10:36,856 NE_RS_UNBLDRE: Unable to load application resource file /resources/dist/js/graphviz/viz.js api\debug\debug.cpp:20 StXh@STXHNEC
INFO 2025-01-14 23:12:29,410 Reloading the application... api\debug\debug.cpp:17 StXh@STXHNEC
INFO 2025-01-14 23:12:30,659 Reloading the application... api\debug\debug.cpp:17 StXh@STXHNEC
INFO 2025-01-14 23:12:30,678 Reloading the application... api\debug\debug.cpp:17 StXh@STXHNEC
INFO 2025-01-14 23:12:30,770 Reloading the application... api\debug\debug.cpp:17 StXh@STXHNEC
ERROR 2025-01-14 23:12:32,928 NE_RS_UNBLDRE: Unable to load application resource file /resources/dist/js/mermaid/mermaid.min.js api\debug\debug.cpp:20 StXh@STXHNEC
INFO 2025-01-14 23:16:11,538 Reloading the application... api\debug\debug.cpp:17 StXh@STXHNEC
ERROR 2025-01-14 23:16:14,366 NE_RS_UNBLDRE: Unable to load application resource file /resources/dist/js/mermaid/mermaid.min.js api\debug\debug.cpp:20 StXh@STXHNEC
INFO 2025-01-14 23:22:59,290 Reloading the application... api\debug\debug.cpp:17 StXh@STXHNEC
ERROR 2025-01-14 23:23:01,830 NE_RS_UNBLDRE: Unable to load application resource file /resources/dist/js/mermaid/mermaid.min.js api\debug\debug.cpp:20 StXh@STXHNEC
INFO 2025-01-14 23:23:31,068 Reloading the application... api\debug\debug.cpp:17 StXh@STXHNEC
ERROR 2025-01-14 23:23:33,773 NE_RS_UNBLDRE: Unable to load application resource file /resources/dist/js/mermaid/mermaid.min.js api\debug\debug.cpp:20 StXh@STXHNEC
INFO 2025-01-14 23:33:18,055 Reloading the application... api\debug\debug.cpp:17 StXh@STXHNEC
ERROR 2025-01-14 23:33:20,883 NE_RS_UNBLDRE: Unable to load application resource file /resources/dist/js/mermaid/mermaid.min.js api\debug\debug.cpp:20 StXh@STXHNEC
INFO 2025-01-14 23:42:35,904 Reloading the application... api\debug\debug.cpp:17 StXh@STXHNEC
ERROR 2025-01-14 23:42:38,548 NE_RS_UNBLDRE: Unable to load application resource file /resources/dist/js/mermaid/mermaid.min.js api\debug\debug.cpp:20 StXh@STXHNEC
ERROR 2025-01-14 23:43:13,297 NE_RS_UNBLDRE: Unable to load application resource file /resources/dist/js/mermaid/mermaid.min.js api\debug\debug.cpp:20 StXh@STXHNEC
INFO 2025-01-14 23:50:59,186 Reloading the application... api\debug\debug.cpp:17 StXh@STXHNEC
ERROR 2025-01-14 23:51:01,805 NE_RS_UNBLDRE: Unable to load application resource file /resources/dist/js/mermaid/mermaid.min.js api\debug\debug.cpp:20 StXh@STXHNEC
ERROR 2025-01-14 23:51:20,130 NE_RS_UNBLDRE: Unable to load application resource file /resources/dist/js/mermaid/mermaid.min.js api\debug\debug.cpp:20 StXh@STXHNEC
ERROR 2025-01-14 23:53:38,688 NE_RS_UNBLDRE: Unable to load application resource file /resources/dist/js/mermaid/mermaid.min.js api\debug\debug.cpp:20 StXh@STXHNEC
INFO 2025-01-15 00:00:12,415 Reloading the application... api\debug\debug.cpp:17 StXh@STXHNEC
ERROR 2025-01-15 00:00:15,105 NE_RS_UNBLDRE: Unable to load application resource file /resources/dist/js/mermaid/mermaid.min.js api\debug\debug.cpp:20 StXh@STXHNEC
ERROR 2025-01-15 00:00:36,848 NE_RS_UNBLDRE: Unable to load application resource file /resources/dist/js/mermaid/mermaid.min.js api\debug\debug.cpp:20 StXh@STXHNEC
INFO 2025-01-15 17:43:06,581 Auth info was exported to ./.tmp/auth_info.json api\debug\debug.cpp:17 StXh@STXHNEC
